-------------------------------------------------------------------------------
Test set: pl.perfluencer.kafka.integration.KafkaIntegrationTest
-------------------------------------------------------------------------------
Tests run: 1, Failures: 0, Errors: 1, Skipped: 0, Time elapsed: 0.242 s <<< FAILURE! -- in pl.perfluencer.kafka.integration.KafkaIntegrationTest
pl.perfluencer.kafka.integration.KafkaIntegrationTest -- Time elapsed: 0.242 s <<< ERROR!
java.lang.IllegalStateException: Could not find a valid Docker environment. Please see logs and check configuration
	at org.testcontainers.dockerclient.DockerClientProviderStrategy.lambda$getFirstValidStrategy$7(DockerClientProviderStrategy.java:274)
	at java.base/java.util.Optional.orElseThrow(Optional.java:403)
	at org.testcontainers.dockerclient.DockerClientProviderStrategy.getFirstValidStrategy(DockerClientProviderStrategy.java:265)
	at org.testcontainers.DockerClientFactory.getOrInitializeStrategy(DockerClientFactory.java:154)
	at org.testcontainers.DockerClientFactory.client(DockerClientFactory.java:196)
	at org.testcontainers.DockerClientFactory$1.getDockerClient(DockerClientFactory.java:108)
	at com.github.dockerjava.api.DockerClientDelegate.authConfig(DockerClientDelegate.java:109)
	at org.testcontainers.containers.GenericContainer.start(GenericContainer.java:321)
	at pl.perfluencer.kafka.integration.KafkaIntegrationTest.setUp(KafkaIntegrationTest.java:62)
	at java.base/java.lang.reflect.Method.invoke(Method.java:565)

