<?xml version="1.0" encoding="UTF-8"?>
<testsuite xmlns:xsi="http://www.w3.org/2001/XMLSchema-instance" xsi:noNamespaceSchemaLocation="https://maven.apache.org/surefire/maven-surefire-plugin/xsd/surefire-test-report-3.0.xsd" version="3.0" name="pl.perfluencer.kafka.integration.KafkaIntegrationTest" time="0.242" tests="1" errors="1" skipped="0" failures="0">
  <properties>
[...]
</properties>
  <testcase name="" classname="pl.perfluencer.kafka.integration.KafkaIntegrationTest" time="0.242">
    <error message="Could not find a valid Docker environment. Please see logs and check configuration" type="java.lang.IllegalStateException"><![CDATA[java.lang.IllegalStateException: Could not find a valid Docker environment. Please see logs and check configuration
	at org.testcontainers.dockerclient.DockerClientProviderStrategy.lambda$getFirstValidStrategy$7(DockerClientProviderStrategy.java:274)
	at java.base/java.util.Optional.orElseThrow(Optional.java:403)
	at org.testcontainers.dockerclient.DockerClientProviderStrategy.getFirstValidStrategy(DockerClientProviderStrategy.java:265)
	at org.testcontainers.DockerClientFactory.getOrInitializeStrategy(DockerClientFactory.java:154)
	at org.testcontainers.DockerClientFactory.client(DockerClientFactory.java:196)
	at org.testcontainers.DockerClientFactory$1.getDockerClient(DockerClientFactory.java:108)
	at com.github.dockerjava.api.DockerClientDelegate.authConfig(DockerClientDelegate.java:109)
	at org.testcontainers.containers.GenericContainer.start(GenericContainer.java:321)
	at pl.perfluencer.kafka.integration.KafkaIntegrationTest.setUp(KafkaIntegrationTest.java:62)
	at java.base/java.lang.reflect.Method.invoke(Method.java:565)
]]></error>
    <system-out><![CDATA[16:46:05.222 [main] DEBUG org.testcontainers.utility.TestcontainersConfiguration -- Testcontainers configuration overrides will be loaded from file:/Users/jakubdering/.testcontainers.properties
16:46:05.227 [main] INFO org.testcontainers.images.PullPolicy -- Image pull policy will be performed by: DefaultPullPolicy()
16:46:05.228 [main] INFO org.testcontainers.utility.ImageNameSubstitutor -- Image name substitution will be performed by: DefaultImageNameSubstitutor (composite of 'ConfigurationFileImageNameSubstitutor' and 'PrefixingImageNameSubstitutor')
16:46:05.255 [main] INFO org.testcontainers.DockerClientFactory -- Testcontainers version: 1.20.4
16:46:05.392 [main] INFO org.testcontainers.dockerclient.DockerClientProviderStrategy -- Loaded org.testcontainers.dockerclient.UnixSocketClientProviderStrategy from ~/.testcontainers.properties, will try it first
16:46:05.396 [main] DEBUG org.testcontainers.dockerclient.DockerClientProviderStrategy -- Trying out strategy: UnixSocketClientProviderStrategy
16:46:05.414 [main] DEBUG org.testcontainers.dockerclient.DockerClientProviderStrategy -- UnixSocketClientProviderStrategy: failed with exception IllegalArgumentException (Unknown transport type 'okhttp')
16:46:05.414 [main] DEBUG org.testcontainers.dockerclient.DockerClientProviderStrategy -- Trying out strategy: DockerDesktopClientProviderStrategy
16:46:05.415 [main] DEBUG org.testcontainers.dockerclient.DockerDesktopClientProviderStrategy -- '/Users/jakubdering/.docker/desktop' does not exist.
16:46:05.415 [main] DEBUG org.testcontainers.dockerclient.DockerClientProviderStrategy -- DockerDesktopClientProviderStrategy: failed with exception IllegalArgumentException (Unknown transport type 'okhttp')
16:46:05.416 [main] INFO org.testcontainers.dockerclient.DockerMachineClientProviderStrategy -- docker-machine executable was not found on PATH ([/Users/jakubdering/.antigravity/antigravity/bin, /Users/jakubdering/.codeium/windsurf/bin, /opt/homebrew/bin, /opt/homebrew/sbin, /usr/local/bin, /System/Cryptexes/App/usr/bin, /usr/bin, /bin, /usr/sbin, /sbin, /Users/jakubdering/development/flutter, /var/run/com.apple.security.cryptexd/codex.system/bootstrap/usr/local/bin, /var/run/com.apple.security.cryptexd/codex.system/bootstrap/usr/bin, /var/run/com.apple.security.cryptexd/codex.system/bootstrap/usr/appleinternal/bin, /opt/pmk/env/global/bin, /Library/Apple/usr/bin, /Applications/Wireshark.app/Contents/MacOS, /usr/local/go/bin, /Users/jakubdering/.antigravity/antigravity/bin, /Users/jakubdering/.codeium/windsurf/bin, /Users/jakubdering/.local/bin])
16:46:05.417 [main] ERROR org.testcontainers.dockerclient.DockerClientProviderStrategy -- Could not find a valid Docker environment. Please check configuration. Attempted configurations were:
	UnixSocketClientProviderStrategy: failed with exception IllegalArgumentException (Unknown transport type 'okhttp')
	DockerDesktopClientProviderStrategy: failed with exception IllegalArgumentException (Unknown transport type 'okhttp')As no valid configuration was found, execution cannot continue.
See https://java.testcontainers.org/on_failure.html for more details.
]]></system-out>
  </testcase>
</testsuite>